Logfile initialized
[INFO] logfile = /Users/alanleard/TiApps/YaksLiveArt/build.log
[DEBUG] /Library/Application Support/Titanium/mobilesdk/osx/1.7.3.v20110808134952/android/builder.py install YaksLiveArt /Applications/android-sdk-mac_x86 /Users/alanleard/TiApps/YaksLiveArt com.YaksLiveArtDev.app 8
[INFO] Titanium SDK version: 1.7.3 (08/08/11 13:49 ea32d53...)
[DEBUG] Waiting for device to be ready ...
[TRACE] adb devices returned 1 devices/emulators
[DEBUG] Device connected... (waited 0 seconds)
[DEBUG] waited 0.102002 seconds on emulator to get ready
[DEBUG] com.YaksLiveArtDev.app installed? False
[INFO] Copying project resources..
[TRACE] COPYING MODIFIED FILE: /Users/alanleard/TiApps/YaksLiveArt/Resources/app.js => /Users/alanleard/TiApps/YaksLiveArt/build/android/bin/assets/Resources/app.js
[TRACE] COPYING MODIFIED FILE: /Users/alanleard/TiApps/YaksLiveArt/Resources/art.js => /Users/alanleard/TiApps/YaksLiveArt/build/android/bin/assets/Resources/art.js
[TRACE] Generating Java Classes
[DEBUG] Processing Android resource drawables
[TRACE] COPYING FILE: /Users/alanleard/TiApps/YaksLiveArt/Resources/android/images/res-long-land-hdpi/.DS_Store => /Users/alanleard/TiApps/YaksLiveArt/build/android/res/drawable-long-land-hdpi/_3fad5f03a1.ds_store
[TRACE] COPYING FILE: /Users/alanleard/TiApps/YaksLiveArt/Resources/android/images/res-long-land-ldpi/.DS_Store => /Users/alanleard/TiApps/YaksLiveArt/build/android/res/drawable-long-land-ldpi/_3fad5f03a1.ds_store
[TRACE] COPYING FILE: /Users/alanleard/TiApps/YaksLiveArt/Resources/android/images/res-long-port-hdpi/.DS_Store => /Users/alanleard/TiApps/YaksLiveArt/build/android/res/drawable-long-port-hdpi/_3fad5f03a1.ds_store
[TRACE] COPYING FILE: /Users/alanleard/TiApps/YaksLiveArt/Resources/android/images/res-long-port-hdpi/Default.png => /Users/alanleard/TiApps/YaksLiveArt/build/android/res/drawable-long-port-hdpi/default_d44e27d97b.png
[TRACE] COPYING FILE: /Users/alanleard/TiApps/YaksLiveArt/Resources/android/images/res-long-port-ldpi/Default.png => /Users/alanleard/TiApps/YaksLiveArt/build/android/res/drawable-long-port-ldpi/default_d44e27d97b.png
[TRACE] COPYING FILE: /Users/alanleard/TiApps/YaksLiveArt/Resources/android/images/res-notlong-port-hdpi/Default.png => /Users/alanleard/TiApps/YaksLiveArt/build/android/res/drawable-notlong-port-hdpi/default_d44e27d97b.png
[TRACE] COPYING FILE: /Users/alanleard/TiApps/YaksLiveArt/Resources/android/images/res-notlong-port-ldpi/Default.png => /Users/alanleard/TiApps/YaksLiveArt/build/android/res/drawable-notlong-port-ldpi/default_d44e27d97b.png
[TRACE] COPYING FILE: /Users/alanleard/TiApps/YaksLiveArt/Resources/android/images/res-notlong-port-mdpi/Default.png => /Users/alanleard/TiApps/YaksLiveArt/build/android/res/drawable-notlong-port-mdpi/default_d44e27d97b.png
[DEBUG] copying app icon: /Users/alanleard/TiApps/YaksLiveArt/build/android/bin/assets/Resources/appicon.png
[DEBUG] generating theme.xml
[DEBUG] found drawable-long-land-hdpi splash screen at /Users/alanleard/TiApps/YaksLiveArt/Resources/android/images/res-long-land-hdpi/default.png
[DEBUG] copying /Users/alanleard/TiApps/YaksLiveArt/Resources/android/images/res-long-land-hdpi/default.png splash screen to /Users/alanleard/TiApps/YaksLiveArt/build/android/res/drawable-long-land-hdpi/background.png
[DEBUG] found drawable-long-land-ldpi splash screen at /Users/alanleard/TiApps/YaksLiveArt/Resources/android/images/res-long-land-ldpi/default.png
[DEBUG] copying /Users/alanleard/TiApps/YaksLiveArt/Resources/android/images/res-long-land-ldpi/default.png splash screen to /Users/alanleard/TiApps/YaksLiveArt/build/android/res/drawable-long-land-ldpi/background.png
[DEBUG] found drawable-notlong-land-hdpi splash screen at /Users/alanleard/TiApps/YaksLiveArt/Resources/android/images/res-notlong-land-hdpi/default.png
[DEBUG] copying /Users/alanleard/TiApps/YaksLiveArt/Resources/android/images/res-notlong-land-hdpi/default.png splash screen to /Users/alanleard/TiApps/YaksLiveArt/build/android/res/drawable-notlong-land-hdpi/background.png
[DEBUG] found drawable-notlong-land-ldpi splash screen at /Users/alanleard/TiApps/YaksLiveArt/Resources/android/images/res-notlong-land-ldpi/default.png
[DEBUG] copying /Users/alanleard/TiApps/YaksLiveArt/Resources/android/images/res-notlong-land-ldpi/default.png splash screen to /Users/alanleard/TiApps/YaksLiveArt/build/android/res/drawable-notlong-land-ldpi/background.png
[DEBUG] found drawable-notlong-land-mdpi splash screen at /Users/alanleard/TiApps/YaksLiveArt/Resources/android/images/res-notlong-land-mdpi/default.png
[DEBUG] copying /Users/alanleard/TiApps/YaksLiveArt/Resources/android/images/res-notlong-land-mdpi/default.png splash screen to /Users/alanleard/TiApps/YaksLiveArt/build/android/res/drawable-notlong-land-mdpi/background.png
[DEBUG] found splash screen at /Users/alanleard/TiApps/YaksLiveArt/build/android/bin/assets/Resources/default.png
[TRACE] Writing out AndroidManifest.xml
[DEBUG] adding /Users/alanleard/TiApps/YaksLiveArt/build/android/gen/com/YaksLiveArtDev/app/R.java to javac build list
[DEBUG] adding /Users/alanleard/TiApps/YaksLiveArt/build/android/gen/com/YaksLiveArtDev/app/YaksliveartActivity.java to javac build list
[DEBUG] adding /Users/alanleard/TiApps/YaksLiveArt/build/android/gen/com/YaksLiveArtDev/app/YaksliveartAppInfo.java to javac build list
[DEBUG] adding /Users/alanleard/TiApps/YaksLiveArt/build/android/gen/com/YaksLiveArtDev/app/YaksliveartApplication.java to javac build list
[DEBUG] Building Java Sources: "/Users/alanleard/TiApps/YaksLiveArt/build/android/gen/com/YaksLiveArtDev/app/R.java" "/Users/alanleard/TiApps/YaksLiveArt/build/android/gen/com/YaksLiveArtDev/app/YaksliveartActivity.java" "/Users/alanleard/TiApps/YaksLiveArt/build/android/gen/com/YaksLiveArtDev/app/YaksliveartAppInfo.java" "/Users/alanleard/TiApps/YaksLiveArt/build/android/gen/com/YaksLiveArtDev/app/YaksliveartApplication.java"
[INFO] Compiling Android Resources... This could take some time
[DEBUG] Android classes.dex built
[DEBUG] creating unsigned apk: /Users/alanleard/TiApps/YaksLiveArt/build/android/bin/app-unsigned.apk
[DEBUG] from resource zip => assets/Resources/images/HomePage_Landscape.png
[DEBUG] from resource zip => assets/Resources/images/HomePage_Portrait.png
[DEBUG] from resource zip => assets/Resources/images/appicon.png
[DEBUG] from resource zip => assets/Resources/images/back.png
[DEBUG] from resource zip => assets/Resources/images/back@2x.png
[DEBUG] from resource zip => assets/Resources/images/bg.png
[DEBUG] from resource zip => assets/Resources/images/fb.png
[DEBUG] from resource zip => assets/Resources/images/share.png
[DEBUG] from resource zip => assets/Resources/music/garrett.m4a
[DEBUG] from resource zip => assets/Resources/Art.png
[DEBUG] from resource zip => assets/Resources/Art@2x.png
[DEBUG] from resource zip => assets/Resources/Artists.js
[DEBUG] from resource zip => assets/Resources/Default-Landscape.png
[DEBUG] from resource zip => assets/Resources/Default-Landscape@2x.png
[DEBUG] from resource zip => assets/Resources/Default-Portrait.png
[DEBUG] from resource zip => assets/Resources/Default.png
[DEBUG] from resource zip => assets/Resources/Default@2x.png
[DEBUG] from resource zip => assets/Resources/Home.png
[DEBUG] from resource zip => assets/Resources/Home@2x.png
[DEBUG] from resource zip => assets/Resources/Music.js
[DEBUG] from resource zip => assets/Resources/Music.png
[DEBUG] from resource zip => assets/Resources/Music@2x.png
[DEBUG] from resource zip => assets/Resources/Video.png
[DEBUG] from resource zip => assets/Resources/Video@2x.png
[DEBUG] from resource zip => assets/Resources/app.js
[DEBUG] from resource zip => assets/Resources/appicon.png
[DEBUG] from resource zip => assets/Resources/appicon@2x.png
[DEBUG] from resource zip => assets/Resources/art.js
[DEBUG] from resource zip => assets/Resources/iTunesArtwork
[DEBUG] from resource zip => assets/Resources/videoList.js
[DEBUG] from resource zip => assets/Resources/videos.js
[DEBUG] from resource zip => assets/tiapp.xml
[DEBUG] from resource zip => res/drawable/appicon.png
[DEBUG] from resource zip => res/drawable/background.png
[DEBUG] from resource zip => res/layout/titanium_tabgroup.xml
[DEBUG] from resource zip => AndroidManifest.xml
[DEBUG] from resource zip => resources.arsc
[DEBUG] from resource zip => res/drawable-long-land-hdpi/background.png
[DEBUG] from resource zip => res/drawable-long-land-ldpi/background.png
[DEBUG] from resource zip => res/drawable-long-port-hdpi/default_d44e27d97b.png
[DEBUG] from resource zip => res/drawable-long-port-ldpi/default_d44e27d97b.png
[DEBUG] from resource zip => res/drawable-notlong-land-hdpi/background.png
[DEBUG] from resource zip => res/drawable-notlong-land-ldpi/background.png
[DEBUG] from resource zip => res/drawable-notlong-land-mdpi/background.png
[DEBUG] from resource zip => res/drawable-notlong-port-hdpi/default_d44e27d97b.png
[DEBUG] from resource zip => res/drawable-notlong-port-ldpi/default_d44e27d97b.png
[DEBUG] from resource zip => res/drawable-notlong-port-mdpi/default_d44e27d97b.png
[DEBUG] from JAR /Library/Application Support/Titanium/mobilesdk/osx/1.7.3.v20110808134952/android/titanium.jar => org/apache/Commons-NOTICE.txt
[DEBUG] from JAR /Library/Application Support/Titanium/mobilesdk/osx/1.7.3.v20110808134952/android/titanium.jar => org/apache/HttpComponents-NOTICE.txt
[DEBUG] from JAR /Library/Application Support/Titanium/mobilesdk/osx/1.7.3.v20110808134952/android/titanium.jar => org/apache/mime4j-NOTICE.txt
[DEBUG] from JAR /Library/Application Support/Titanium/mobilesdk/osx/1.7.3.v20110808134952/android/titanium.jar => org/appcelerator/titanium/build.properties
[DEBUG] from JAR /Library/Application Support/Titanium/mobilesdk/osx/1.7.3.v20110808134952/android/titanium.jar => org/appcelerator/titanium/res/drawable/background.png
[DEBUG] from JAR /Library/Application Support/Titanium/mobilesdk/osx/1.7.3.v20110808134952/android/titanium.jar => org/appcelerator/titanium/res/drawable/btn_check_buttonless_on.png
[DEBUG] from JAR /Library/Application Support/Titanium/mobilesdk/osx/1.7.3.v20110808134952/android/titanium.jar => org/appcelerator/titanium/res/drawable/btn_check_buttonless_on_18.png
[DEBUG] from JAR /Library/Application Support/Titanium/mobilesdk/osx/1.7.3.v20110808134952/android/titanium.jar => org/appcelerator/titanium/res/drawable/btn_check_buttonless_on_48.png
[DEBUG] from JAR /Library/Application Support/Titanium/mobilesdk/osx/1.7.3.v20110808134952/android/titanium.jar => org/appcelerator/titanium/res/drawable/btn_more.png
[DEBUG] from JAR /Library/Application Support/Titanium/mobilesdk/osx/1.7.3.v20110808134952/android/titanium.jar => org/appcelerator/titanium/res/drawable/btn_more_18.png
[DEBUG] from JAR /Library/Application Support/Titanium/mobilesdk/osx/1.7.3.v20110808134952/android/titanium.jar => org/appcelerator/titanium/res/drawable/btn_more_48.png
[DEBUG] from JAR /Library/Application Support/Titanium/mobilesdk/osx/1.7.3.v20110808134952/android/titanium.jar => org/appcelerator/titanium/res/drawable/btn_picker_normal.9.png
[DEBUG] from JAR /Library/Application Support/Titanium/mobilesdk/osx/1.7.3.v20110808134952/android/titanium.jar => org/appcelerator/titanium/res/drawable/btn_picker_pressed.9.png
[DEBUG] from JAR /Library/Application Support/Titanium/mobilesdk/osx/1.7.3.v20110808134952/android/titanium.jar => org/appcelerator/titanium/res/drawable/btn_picker_selected.9.png
[DEBUG] from JAR /Library/Application Support/Titanium/mobilesdk/osx/1.7.3.v20110808134952/android/titanium.jar => org/appcelerator/titanium/res/drawable/default_icon.png
[DEBUG] from JAR /Library/Application Support/Titanium/mobilesdk/osx/1.7.3.v20110808134952/android/titanium.jar => org/appcelerator/titanium/res/drawable/photoDefault.png
[DEBUG] from JAR /Library/Application Support/Titanium/mobilesdk/osx/1.7.3.v20110808134952/android/smalljs.jar => org/mozilla/javascript/resources/Messages.properties
[DEBUG] from JAR /Library/Application Support/Titanium/mobilesdk/osx/1.7.3.v20110808134952/android/smalljs.jar => org/mozilla/javascript/resources/Messages_fr.properties
[DEBUG] from JAR /Library/Application Support/Titanium/mobilesdk/osx/1.7.3.v20110808134952/android/modules/titanium-ui.jar => ti/modules/titanium/ui/widget/webview/binding.js
[DEBUG] from JAR /Library/Application Support/Titanium/mobilesdk/osx/1.7.3.v20110808134952/android/modules/titanium-ui.jar => ti/modules/titanium/ui/widget/webview/binding.min.js
[DEBUG] from JAR /Library/Application Support/Titanium/mobilesdk/osx/1.7.3.v20110808134952/android/modules/titanium-ui.jar => ti/modules/titanium/ui/widget/webview/json2.js
[DEBUG] Waiting for device to be ready ...
[TRACE] adb devices returned 1 devices/emulators
[DEBUG] Device connected... (waited 0 seconds)
[DEBUG] waited 0.012816 seconds on emulator to get ready
[INFO] Installing application on emulator
[INFO] Application installed. Launch from drawer on Home Screen
